(#f
 start
 0
 "salmonella -- a tool for testing Chicken eggs (http://wiki.call-cc.org/egg/salmonella)\n\nStarted on Wed May 20 12:12:07 2015\nCommand line: salmonella\n\nOptions:\n  chicken-install: /usr/bin/chicken-install\n  repo-dir: /home/omar/Dropbox/src/http-frame/salmonella-tmp-d03f4/repo\n  chicken-install-args:  -prefix /home/omar/Dropbox/src/http-frame/salmonella-tmp-d03f4/repo -test\n\nChicken banner:\n\nCHICKEN\n(c) 2008-2014, The Chicken Team\n(c) 2000-2007, Felix L. Winkelmann\nVersion 4.9.0.1 (stability/4.9.0) (rev 8b3189b)\nlinux-unix-gnu-x86 [ manyargs dload ptables ]\nbootstrapped 2014-06-07\n\n\nEnvironment variables:\n  SALMONELLA_RUNNING: 1\n  CHICKEN_INSTALL_PREFIX: /home/omar/Dropbox/src/http-frame/salmonella-tmp-d03f4/repo\n  CHICKEN_INCLUDE_PATH: /home/omar/Dropbox/src/http-frame/salmonella-tmp-d03f4/repo/share/chicken\n  CHICKEN_C_INCLUDE_PATH: /home/omar/Dropbox/src/http-frame/salmonella-tmp-d03f4/repo/include/chicken\n  CHICKEN_REPOSITORY: /home/omar/Dropbox/src/http-frame/salmonella-tmp-d03f4/repo/lib/chicken/7\n  CHICKEN_HOME: (not set)\n  CSC_OPTIONS: (not set)\n  PATH: /home/omar/Dropbox/src/http-frame/salmonella-tmp-d03f4/repo/bin:/usr/bin:/usr/local/bin:/usr/bin:/bin:/usr/local/games:/usr/games\n"
 1432138327.0)
(http-frame fetch 0 "" 0)
(http-frame
  meta-data
  #t
  ((files "http-frame.setup"
          "http-frame.release-info"
          "http-frame.meta"
          "http-frame.scm"
          "tests/run.scm")
   (license "BSD")
   (category web)
   (needs srfi-1 srfi-13 extras data-structures ports)
   (test-depends test json)
   (author "Omar Shorbaji")
   (synopsis "A HTTP/2 framing library for Chicken"))
  0)
(http-frame
  check-dependencies
  #f
  "The following chicken units are in one of the dependencies list of this egg: srfi-1, srfi-13, extras, ports"
  0)
(http-frame
  install
  0
  "/usr/bin/chicken-install  -prefix /home/omar/Dropbox/src/http-frame/salmonella-tmp-d03f4/repo\nretrieving ...\nchecking platform for `http-frame' ...\nchecking dependencies for `http-frame' ...\nmapped (srfi-1 srfi-13 extras data-structures ports) to ()\ninstall order:\n(\"http-frame\")\ninstalling http-frame: ...\nchanging current directory to .\n  '/usr/bin/csi' -bnq -setup-mode -e \"(require-library setup-api)\" -e \"(import setup-api)\" -e \"(setup-error-handling)\" -e \"(extension-name-and-version '(\\\"http-frame\\\" \\\"\\\"))\" -e \"(destination-prefix \\\"/home/omar/Dropbox/src/http-frame/salmonella-tmp-d03f4/repo\\\")\" -e \"(runtime-prefix \\\"/home/omar/Dropbox/src/http-frame/salmonella-tmp-d03f4/repo\\\")\" 'http-frame.setup'\n  '/usr/bin/csc' -feature compiling-extension -setup-mode    -s -O3 -d1 http-frame.scm -j http-frame\n  '/usr/bin/csc' -feature compiling-extension -setup-mode    -s http-frame.import.scm -O3 -d0\n  cp -r 'http-frame.so' '/home/omar/Dropbox/src/http-frame/salmonella-tmp-d03f4/repo/lib/chicken/7/http-frame.so'\n  chmod a+r '/home/omar/Dropbox/src/http-frame/salmonella-tmp-d03f4/repo/lib/chicken/7/http-frame.so'\n  cp -r 'http-frame.import.so' '/home/omar/Dropbox/src/http-frame/salmonella-tmp-d03f4/repo/lib/chicken/7/http-frame.import.so'\n  chmod a+r '/home/omar/Dropbox/src/http-frame/salmonella-tmp-d03f4/repo/lib/chicken/7/http-frame.import.so'\n  chmod a+r '/home/omar/Dropbox/src/http-frame/salmonella-tmp-d03f4/repo/lib/chicken/7/http-frame.setup-info'\n"
  3.0)
(http-frame
  check-version
  -1
  "Version check requires a local repository of eggs sources."
  "0.1")
(http-frame
  test
  0
  "/usr/bin/csi -script run.scm < /dev/null\n\n-- testing good frames -------------------------------------------------------\nframe: (data 1 hello #t) (data 1 hello #t) ........................... [ PASS]\nframe: (headers 1 encoded header block fragment #t #t #f) (headers 1 encoded header block fragment #t #t #f)  [ PASS]\nframe: (priority 1 0 1 2) (priority 1 0 1 2) ......................... [ PASS]\nframe: (rst-stream 1 2) (rst-stream 1 2) ............................. [ PASS]\nframe: (push-promise 1 2 encoded header header block fragment #t) (push-promise 1 2 encoded header header block fragment #t)  [ PASS]\nframe: (ping -opaque- #t) (ping -opaque- #t) ......................... [ PASS]\nframe: (goaway 1 7 additional debug data) (goaway 1 7 additional debug data)  [ PASS]\nframe: (window-update 1 7) (window-update 1 7) ....................... [ PASS]\nframe: (continuation 1 encoded header block fragment #t) (continuation 1 encoded header block fragment #t)  [ PASS]\n9 tests completed in 0.002 seconds.\n9 out of 9 (100%) tests passed.\n-- done testing good frames --------------------------------------------------\n\n"
  22.0)
(http-frame check-doc 1 "" 0.0)
(#f end 0 "" 1432138352.0)
